*****Expurgo - Exec Collection Temp MongoDB***** Inicio: 2024-03-30 09:05:42
Nenhuma collection temporaria coletada no processo anterior!!!
*****Expurgo - Exec Collection Temp MongoDB***** Fim: 2024-03-30 09:05:42

*****Expurgo - Exec Collection Temp MongoDB***** Inicio: 2024-03-30 09:06:08
*****Expurgo - Exec Collection Temp MongoDB***** Inicio: 2024-03-30 09:06:34
*****Expurgo - Exec Collection Temp MongoDB***** Inicio: 2024-03-30 09:06:40
*****Expurgo - Exec Collection Temp MongoDB***** Inicio: 2024-03-30 09:07:34
*****Expurgo - Exec Collection Temp MongoDB***** Inicio: 2024-03-30 09:08:26
*****Expurgo - Exec Collection Temp MongoDB***** Inicio: 2024-03-30 09:09:05
*****Expurgo - Exec Collection Temp MongoDB***** Inicio: 2024-03-30 09:11:10
*****Expurgo - Exec Collection Temp MongoDB***** Inicio: 2024-03-30 09:11:35
*****Expurgo - Exec Collection Temp MongoDB***** Inicio: 2024-03-30 09:12:23
*****Expurgo - Exec Collection Temp MongoDB***** Inicio: 2024-03-30 09:13:29
*****Expurgo - Exec Collection Temp MongoDB***** Inicio: 2024-03-30 09:13:41
*****Expurgo - Exec Collection Temp MongoDB***** Inicio: 2024-03-30 09:13:59
*****Expurgo - Exec Collection Temp MongoDB***** Inicio: 2024-03-30 09:14:20
*****Expurgo - Exec Collection Temp MongoDB***** Inicio: 2024-03-30 09:17:49
Lista vazia ou não satisfaz as condições necessárias, saindo !!!
*****Expurgo - Exec Collection Temp MongoDB***** Fim: 2024-03-30 09:17:49

*****Expurgo - Exec Collection Temp MongoDB***** Inicio: 2024-03-30 09:19:10
Lista vazia ou não satisfaz as condições necessárias, saindo !!!
*****Expurgo - Exec Collection Temp MongoDB***** Fim: 2024-03-30 09:19:10

*****Expurgo - Exec Collection Temp MongoDB***** Inicio: 2024-03-30 09:20:08
Lista vazia ou não satisfaz as condições necessárias, saindo !!!
*****Expurgo - Exec Collection Temp MongoDB***** Fim: 2024-03-30 09:20:08

*****Expurgo - Exec Collection Temp MongoDB***** Inicio: 2024-03-30 09:22:54
Lista vazia ou não satisfaz as condições necessárias, saindo !!!
*****Expurgo - Exec Collection Temp MongoDB***** Fim: 2024-03-30 09:22:54

*****Expurgo - Exec Collection Temp MongoDB***** Inicio: 2024-03-30 09:27:05
Lista vazia ou não satisfaz as condições necessárias, saindo !!!
*****Expurgo - Exec Collection Temp MongoDB***** Fim: 2024-03-30 09:27:05

*****Expurgo - Exec Collection Temp MongoDB***** Inicio: 2024-03-30 09:28:34
Lista vazia ou não satisfaz as condições necessárias, saindo !!!
*****Expurgo - Exec Collection Temp MongoDB***** Fim: 2024-03-30 09:28:34

*****Expurgo - Exec Collection Temp MongoDB***** Inicio: 2024-03-30 09:29:15
Lista vazia ou não satisfaz as condições necessárias, saindo !!!
*****Expurgo - Exec Collection Temp MongoDB***** Fim: 2024-03-30 09:29:15

*****Expurgo - Exec Collection Temp MongoDB***** Inicio: 2024-03-30 09:30:19
Lista vazia ou não satisfaz as condições necessárias, saindo !!!
*****Expurgo - Exec Collection Temp MongoDB***** Fim: 2024-03-30 09:30:19

*****Expurgo - Exec Collection Temp MongoDB***** Inicio: 2024-03-30 09:30:30
Lista vazia ou não satisfaz as condições necessárias, saindo !!!
*****Expurgo - Exec Collection Temp MongoDB***** Fim: 2024-03-30 09:30:30

*****Expurgo - Exec Collection Temp MongoDB***** Inicio: 2024-03-30 09:31:19
Lista vazia ou não satisfaz as condições necessárias, saindo !!!
*****Expurgo - Exec Collection Temp MongoDB***** Fim: 2024-03-30 09:31:19

*****Expurgo - Exec Collection Temp MongoDB***** Inicio: 2024-03-30 09:31:44
Linha do CSV inconsistente, valor: hhhhhhhkkkk
Linha do CSV inconsistente, valor: llllllll
Lista vazia ou não satisfaz as condições necessárias, saindo !!!
*****Expurgo - Exec Collection Temp MongoDB***** Fim: 2024-03-30 09:31:44

*****Expurgo - Exec Collection Temp MongoDB***** Inicio: 2024-03-30 09:32:17
Linha do CSV inconsistente, valor: hhhhhhhkkkk
Linha do CSV inconsistente, valor: llllllll
Lista vazia ou não satisfaz as condições necessárias, saindo !!!
*****Expurgo - Exec Collection Temp MongoDB***** Fim: 2024-03-30 09:32:17

*****Expurgo - Exec Collection Temp MongoDB***** Inicio: 2024-03-30 09:33:51
Linha do CSV inconsistente, valor: hhhhhhhkkkk
Linha do CSV inconsistente, valor: llllllll
Lista vazia ou não satisfaz as condições necessárias, saindo !!!
*****Expurgo - Exec Collection Temp MongoDB***** Fim: 2024-03-30 09:33:51

*****Expurgo - Exec Collection Temp MongoDB***** Inicio: 2024-03-30 09:35:33
Nenhuma collection temporaria coletada no processo anterior!!!
*****Expurgo - Exec Collection Temp MongoDB***** Fim: 2024-03-30 09:35:33

*****Expurgo - Exec Collection Temp MongoDB***** Inicio: 2024-03-30 12:12:59
Database: db_00000, Collection: Import_c25e31b8-c83d-4b32-bbd1-dd3a5a2e42b4, Result drop: True
*****Expurgo - Exec Collection Temp MongoDB***** Fim: 2024-03-30 12:12:59

