*****Expurgo - List Collection Temp MongoDB***** Inicio: 2024-03-29 11:21:15
*****Expurgo - List Collection Temp MongoDB***** Inicio: 2024-03-29 11:21:27
127.0.0.1:27017: [Errno 111] Connection refused (configured timeouts: socketTimeoutMS: 20000.0ms, connectTimeoutMS: 20000.0ms), Timeout: 30s, Topology Description: <TopologyDescription id: 6606ce67e8ac305544266cee, topology_type: Unknown, servers: [<ServerDescription ('127.0.0.1', 27017) server_type: Unknown, rtt: None, error=AutoReconnect('127.0.0.1:27017: [Errno 111] Connection refused (configured timeouts: socketTimeoutMS: 20000.0ms, connectTimeoutMS: 20000.0ms)')>]>
*****Expurgo - List Collection Temp MongoDB***** Fim: 2024-03-29 11:21:57

*****Expurgo - List Collection Temp MongoDB***** Inicio: 2024-03-29 11:22:29
*****Expurgo - List Collection Temp MongoDB***** Fim: 2024-03-29 11:22:56

*****Expurgo - List Collection Temp MongoDB***** Inicio: 2024-03-29 11:23:19
*****Expurgo - List Collection Temp MongoDB***** Fim: 2024-03-29 11:23:19

*****Expurgo - List Collection Temp MongoDB***** Inicio: 2024-03-29 11:33:55
name 'scriptfile' is not defined
*****Expurgo - List Collection Temp MongoDB***** Fim: 2024-03-29 11:33:55

*****Expurgo - List Collection Temp MongoDB***** Inicio: 2024-03-29 11:35:22
*****Expurgo - List Collection Temp MongoDB***** Fim: 2024-03-29 11:35:22

*****Expurgo - List Collection Temp MongoDB***** Inicio: 2024-03-29 11:39:05
*****Expurgo - List Collection Temp MongoDB***** Fim: 2024-03-29 11:39:05

*****Expurgo - List Collection Temp MongoDB***** Inicio: 2024-03-29 12:08:18
*****Expurgo - List Collection Temp MongoDB***** Fim: 2024-03-29 12:08:18

*****Expurgo - List Collection Temp MongoDB***** Inicio: 2024-03-29 12:08:27
*****Expurgo - List Collection Temp MongoDB***** Fim: 2024-03-29 12:08:27

*****Expurgo - List Collection Temp MongoDB***** Inicio: 2024-03-29 12:09:12
*****Expurgo - List Collection Temp MongoDB***** Fim: 2024-03-29 12:09:12

*****Expurgo - List Collection Temp MongoDB***** Inicio: 2024-03-29 12:38:23
*****Expurgo - List Collection Temp MongoDB***** Fim: 2024-03-29 12:38:23

*****Expurgo - List Collection Temp MongoDB***** Inicio: 2024-03-29 12:40:11
Nenhuma collection temporaria coletada no processo !!!

*****Expurgo - List Collection Temp MongoDB***** Fim: 2024-03-29 12:40:11

*****Expurgo - List Collection Temp MongoDB***** Inicio: 2024-03-29 12:40:26
Nenhuma collection temporaria coletada no processo !!!
*****Expurgo - List Collection Temp MongoDB***** Fim: 2024-03-29 12:40:26

*****Expurgo - List Collection Temp MongoDB***** Inicio: 2024-03-29 12:40:33
Nenhuma collection temporaria coletada no processo !!!
*****Expurgo - List Collection Temp MongoDB***** Fim: 2024-03-29 12:40:33

*****Expurgo - List Collection Temp MongoDB***** Inicio: 2024-03-29 12:41:14
Nenhuma collection temporaria coletada no processo !!!
*****Expurgo - List Collection Temp MongoDB***** Fim: 2024-03-29 12:41:14

*****Expurgo - List Collection Temp MongoDB***** Inicio: 2024-03-29 12:57:59
Nenhuma collection temporaria coletada no processo !!!
*****Expurgo - List Collection Temp MongoDB***** Fim: 2024-03-29 12:57:59

*****Expurgo - List Collection Temp MongoDB***** Inicio: 2024-03-29 12:58:16
Nenhuma collection temporaria coletada no processo !!!
*****Expurgo - List Collection Temp MongoDB***** Fim: 2024-03-29 12:58:16

