*****Expurgo - List Collection Temp MongoDB***** Inicio: 2024-03-30 09:35:24
Nenhuma collection temporaria coletada no processo !!!
*****Expurgo - List Collection Temp MongoDB***** Fim: 2024-03-30 09:35:24

*****Expurgo - List Collection Temp MongoDB***** Inicio: 2024-03-30 12:06:39
Nenhuma collection temporaria coletada no processo !!!
*****Expurgo - List Collection Temp MongoDB***** Fim: 2024-03-30 12:06:39

*****Expurgo - List Collection Temp MongoDB***** Inicio: 2024-03-30 12:07:39
db_00000,Import_c25e31b8-c83d-4b32-bbd1-dd3a5a2e42b4
*****Expurgo - List Collection Temp MongoDB***** Fim: 2024-03-30 12:07:39

*****Expurgo - List Collection Temp MongoDB***** Inicio: 2024-03-30 12:07:52
db_00000,Import_c25e31b8-c83d-4b32-bbd1-dd3a5a2e42b4
*****Expurgo - List Collection Temp MongoDB***** Fim: 2024-03-30 12:07:52

*****Expurgo - List Collection Temp MongoDB***** Inicio: 2024-03-30 12:09:26
db_00000,Import_c25e31b8-c83d-4b32-bbd1-dd3a5a2e42b4
*****Expurgo - List Collection Temp MongoDB***** Fim: 2024-03-30 12:09:26

*****Expurgo - List Collection Temp MongoDB***** Inicio: 2024-03-30 12:09:38
db_00000,Import_c25e31b8-c83d-4b32-bbd1-dd3a5a2e42b4
*****Expurgo - List Collection Temp MongoDB***** Fim: 2024-03-30 12:09:38

*****Expurgo - List Collection Temp MongoDB***** Inicio: 2024-03-30 12:10:33
name 'colltemp' is not defined
Nenhuma collection temporaria coletada no processo !!!
*****Expurgo - List Collection Temp MongoDB***** Fim: 2024-03-30 12:10:33

*****Expurgo - List Collection Temp MongoDB***** Inicio: 2024-03-30 12:11:27
db_00000,Import_c25e31b8-c83d-4b32-bbd1-dd3a5a2e42b4
*****Expurgo - List Collection Temp MongoDB***** Fim: 2024-03-30 12:11:27

*****Expurgo - List Collection Temp MongoDB***** Inicio: 2024-03-30 12:11:52
db_00000,Import_c25e31b8-c83d-4b32-bbd1-dd3a5a2e42b4
*****Expurgo - List Collection Temp MongoDB***** Fim: 2024-03-30 12:11:52

*****Expurgo - List Collection Temp MongoDB***** Inicio: 2024-03-30 12:12:41
db_00000,Import_c25e31b8-c83d-4b32-bbd1-dd3a5a2e42b4
*****Expurgo - List Collection Temp MongoDB***** Fim: 2024-03-30 12:12:41

*****Expurgo - List Collection Temp MongoDB***** Inicio: 2024-03-30 12:55:52
Nenhuma collection temporaria coletada no processo !!!
*****Expurgo - List Collection Temp MongoDB***** Fim: 2024-03-30 12:55:52

*****Expurgo - List Collection Temp MongoDB***** Inicio: 2024-03-30 22:31:26
Nenhuma collection temporaria coletada no processo !!!
*****Expurgo - List Collection Temp MongoDB***** Fim: 2024-03-30 22:31:26

*****Expurgo - List Collection Temp MongoDB***** Inicio: 2024-03-30 23:02:59
Nenhuma collection temporaria coletada no processo !!!
*****Expurgo - List Collection Temp MongoDB***** Fim: 2024-03-30 23:02:59

*****Expurgo - List Collection Temp MongoDB***** Inicio: 2024-03-30 23:03:10
Nenhuma collection temporaria coletada no processo !!!
*****Expurgo - List Collection Temp MongoDB***** Fim: 2024-03-30 23:03:10

*****Expurgo - List Collection Temp MongoDB***** Inicio: 2024-03-30 23:03:55
Nenhuma collection temporaria coletada no processo !!!
*****Expurgo - List Collection Temp MongoDB***** Fim: 2024-03-30 23:03:55

*****Expurgo - List Collection Temp MongoDB***** Inicio: 2024-03-30 23:05:07
db_00000,Import_e6ddd067-db8c-44fd-8db7-ab71adf80931
Nenhuma collection temporaria coletada no processo !!!
*****Expurgo - List Collection Temp MongoDB***** Fim: 2024-03-30 23:05:07

*****Expurgo - List Collection Temp MongoDB***** Inicio: 2024-03-30 23:06:15
db_00000,Import_e6ddd067-db8c-44fd-8db7-ab71adf80931
Nenhuma collection temporaria coletada no processo !!!
*****Expurgo - List Collection Temp MongoDB***** Fim: 2024-03-30 23:06:15

*****Expurgo - List Collection Temp MongoDB***** Inicio: 2024-03-30 23:06:51
db_00000,Import_e6ddd067-db8c-44fd-8db7-ab71adf80931
*****Expurgo - List Collection Temp MongoDB***** Fim: 2024-03-30 23:06:51

*****Expurgo - List Collection Temp MongoDB***** Inicio: 2024-03-30 23:07:10
db_00000,Import_e6ddd067-db8c-44fd-8db7-ab71adf80931
*****Expurgo - List Collection Temp MongoDB***** Fim: 2024-03-30 23:07:10

*****Expurgo - List Collection Temp MongoDB***** Inicio: 2024-03-30 23:08:54
db_00000,Import_e6ddd067-db8c-44fd-8db7-ab71adf80931
*****Expurgo - List Collection Temp MongoDB***** Fim: 2024-03-30 23:08:54

*****Expurgo - List Collection Temp MongoDB***** Inicio: 2024-03-30 23:09:38
db_00000,Import_e6ddd067-db8c-44fd-8db7-ab71adf80931
Nenhuma collection temporaria coletada no processo !!!
*****Expurgo - List Collection Temp MongoDB***** Fim: 2024-03-30 23:09:38

*****Expurgo - List Collection Temp MongoDB***** Inicio: 2024-03-30 23:10:29
db_00000,Import_e6ddd067-db8c-44fd-8db7-ab71adf80931
*****Expurgo - List Collection Temp MongoDB***** Fim: 2024-03-30 23:10:29

