*****Expurgo - Exec Collection Temp MongoDB***** Inicio: 2024-03-29 11:23:52
*****Expurgo - Exec Collection Temp MongoDB***** Fim: 2024-03-29 11:23:52

*****Expurgo - Exec Collection Temp MongoDB***** Inicio: 2024-03-29 11:35:40
*****Expurgo - Exec Collection Temp MongoDB***** Fim: 2024-03-29 11:35:40

*****Expurgo - Exec Collection Temp MongoDB***** Inicio: 2024-03-29 11:37:12
*****Expurgo - Exec Collection Temp MongoDB***** Fim: 2024-03-29 11:37:12

*****Expurgo - Exec Collection Temp MongoDB***** Inicio: 2024-03-29 11:39:29
*****Expurgo - Exec Collection Temp MongoDB***** Fim: 2024-03-29 11:39:29

*****Expurgo - Exec Collection Temp MongoDB***** Inicio: 2024-03-29 12:18:21
Nenhuma collection temporaria coletada no processo anterior!!!

*****Expurgo - Exec Collection Temp MongoDB***** Fim: 2024-03-29 12:18:21

*****Expurgo - Exec Collection Temp MongoDB***** Inicio: 2024-03-29 12:19:10
Nenhuma collection temporaria coletada no processo anterior!!!
*****Expurgo - Exec Collection Temp MongoDB***** Fim: 2024-03-29 12:19:10

*****Expurgo - Exec Collection Temp MongoDB***** Inicio: 2024-03-29 12:19:41
*****Expurgo - Exec Collection Temp MongoDB***** Inicio: 2024-03-29 12:21:35
Lista vazia ou não satisfaz as condições necessárias, saindo !!!
*****Expurgo - Exec Collection Temp MongoDB***** Inicio: 2024-03-29 12:24:19
Lista vazia ou não satisfaz as condições necessárias, saindo !!!
*****Expurgo - Exec Collection Temp MongoDB***** Fim: 2024-03-29 12:24:19

*****Expurgo - Exec Collection Temp MongoDB***** Inicio: 2024-03-29 12:24:34
Lista vazia ou não satisfaz as condições necessárias, saindo !!!
*****Expurgo - Exec Collection Temp MongoDB***** Fim: 2024-03-29 12:24:34

*****Expurgo - Exec Collection Temp MongoDB***** Inicio: 2024-03-29 12:27:32
*****Expurgo - Exec Collection Temp MongoDB***** Fim: 2024-03-29 12:27:32

*****Expurgo - Exec Collection Temp MongoDB***** Inicio: 2024-03-29 12:29:42
False
*****Expurgo - Exec Collection Temp MongoDB***** Fim: 2024-03-29 12:29:42

*****Expurgo - Exec Collection Temp MongoDB***** Inicio: 2024-03-29 12:36:28
Database: db_00000, Collection: Import_923c0eef-a4af-45cf-858c-fe957900441c, Result drop: True, Result drop: False
*****Expurgo - Exec Collection Temp MongoDB***** Fim: 2024-03-29 12:36:28

*****Expurgo - Exec Collection Temp MongoDB***** Inicio: 2024-03-29 12:36:58
Database: db_00000, Collection: Import_923c0eef-a4af-45cf-858c-fe957900441c, Result drop: False
*****Expurgo - Exec Collection Temp MongoDB***** Fim: 2024-03-29 12:36:58

*****Expurgo - Exec Collection Temp MongoDB***** Inicio: 2024-03-29 12:38:02
Database: db_00000, Collection: Import_923c0eef-a4af-45cf-858c-fe957900441c, Result drop: False
Database: db_00000, Collection: Import_923c0eef-a4af-45cf-858c-fe9579004413, Result drop: False
*****Expurgo - Exec Collection Temp MongoDB***** Fim: 2024-03-29 12:38:02

*****Expurgo - Exec Collection Temp MongoDB***** Inicio: 2024-03-29 12:38:57
Nenhuma collection temporaria coletada no processo anterior!!!
*****Expurgo - Exec Collection Temp MongoDB***** Fim: 2024-03-29 12:38:57

*****Expurgo - Exec Collection Temp MongoDB***** Inicio: 2024-03-29 12:40:45
Nenhuma collection temporaria coletada no processo anterior!!!
*****Expurgo - Exec Collection Temp MongoDB***** Fim: 2024-03-29 12:40:45

*****Expurgo - Exec Collection Temp MongoDB***** Inicio: 2024-03-29 12:41:20
Nenhuma collection temporaria coletada no processo anterior!!!
*****Expurgo - Exec Collection Temp MongoDB***** Fim: 2024-03-29 12:41:20

*****Expurgo - Exec Collection Temp MongoDB***** Inicio: 2024-03-29 12:58:41
Nenhuma collection temporaria coletada no processo anterior!!!
*****Expurgo - Exec Collection Temp MongoDB***** Fim: 2024-03-29 12:58:41

